[    0.000000] Initializing cgroup subsys cpuset
[    0.000000] Initializing cgroup subsys cpu
[    0.000000] Initializing cgroup subsys cpuacct
[    0.000000] Linux version 4.4.0-22-generic (buildd@lgw01-41) (gcc version 5.3.1 20160413 (Ubuntu 5.3.1-14ubuntu2) ) #40-Ubuntu SMP Thu May 12 22:03:46 UTC 2016 (Ubuntu 4.4.0-22.40-generic 4.4.8)
[    0.000000] Command line: BOOT_IMAGE=/boot/vmlinuz-4.4.0-22-generic root=LABEL=cloudimg-rootfs ro console=tty1 console=ttyS0
[    0.000000] KERNEL supported cpus:
[    0.000000]   IntelGeuineIntel
[    0.000000]   AMD AuthenticAMD
[    0.000000]   Centaur CentaurHauls
[    0.000000] x86/fpu: xstate_offset[2]:  576, xstate_sizes[2]:  256
[    0.000000] x86/fpu: Supporting XSAVE feature 0x01: 'x87 floating point registers'
[    0.000000] x86/fpu: Supporting XSAVE feature 0x02: 'SSE registers'
[    0.000000] x86/fpu: Supporting XSAVE feature 0x04: 'AVX regites'
[    0.000000] x86/fpu: Enabled xstate features 0x7, context size is 832 bytes, using 'standard' format.
[    0.000000] x86/fpu: Using 'lazy' FPU context switches.
[    0.000000] 82: IOS-provided physical RAM map:
[    0.000000] BIOS-e820: [mem 0x0000000000000000-0x000000000009fbff] usable
[    0.000000] BIOS-e820: [mem 0x000000000009fc00-0x000000000009ffff] reserved
[    0.000000] BIOS-e820: [mem 0x00000000000f0000-0x00000000000fffff] reserd[    0.000000] BIOS-e820: [mem 0x0000000000100000-0x000000003ffeffff] usable
[    0.000000] BIOS-e820: [mem 0x000000003fff0000-0x000000003fffffff] ACPI data
[    0.000000] BIOS-e820: [mem 0x00000000fffc0000-0x00000000ffffffff] reserved
[    0.000000] NX (Execute Disable) protection: active
[    0.000000] SMBIOS 2.5 present.
[    0.000000] Hypervisor detected: KVM
[    0.000000] e820: last_pfn = 0x3fff0 max_arch_pfn = 0x400000000
[    0.000000] x86/PAT: Configuration [0-7]: WB  WC  UC- UC  WB  WC  UC- WT  
[    0.000000] MTRR: Disabled
[    0.000000] CPU MTRRs all blank - virtualized system.
[    0.000000] found SMP MP-table at [mem 0x0009fff0-0x0009ffff] mapped at [ffff88000009fff0]
[    0.000000] Scanning 1 areas for low memory corruption
[    0.000000] RAMDISK: [mem 0x371b0000-0x378cffff]
[    0.000000] ACPI: Early table checksum verification disabled
[    0.0000] ACPI: RSDP 0x00000000000E0000 000024 (v02 VBOX  )
[    0.000000] ACPI: XSDT 0x000000003FFF0030 00003C (v01 VBOX   VBOXXSDT 00000001 ASL  00000061)
[    0.000000] ACPI: FACP 0x000000003FFF00F0 0000F4 (v04 VBOX   VBOXFACP 00000001 ASL  00000061)
[    0.000000] ACPI: DSDT 0x000000003FFF0470 002106 (v01 VBOX   VBOXBIOS 00000002 INTL 20100528)
[    0.000000] ACPI: FACS 0x000000003FFF0200 000040
[    0.000000] ACPI: FACS 0x000000003FFF0200 000040
[    0.000000] ACPI: APIC 0x000000003FFF0240 00005C (v02 VBOX   VBOXAPIC 00000001 ASL  00000061)
[   .000000] ACPI: SSDT 0x000000003FFF02A0 0001CC (v01 VBO  BOXCPUT 00000002 INTL 20100528)
[    0.000000] No NUMA configuration found
[    0.000000] Faking a node at [mem 0x0000000000000-0x000000003ffeffff]
[    0.000000] NODE_DATA(0) allocated [mem 0x3ffeb000-0x3ffeffff]
[    0.000000] kvm-clock: Using msrs 4b564d01 and 4b564d00
[    0.000000] kvm-clock: cpu 0, msr 0:3ffe7001, primary cpu clock
[    0.000000] kvm-clock: using sched offset of 3058375884 cycles
[    0.000000] clocksource: kvm-clock: mask: 0xffffffffffffffff max_cycles: 0x1cd42e4dfb mx_idle_ns: 881590591483 ns
[    0.000000] Zone ranges:
[    0.000000]   DMA      [mem 0x0000000000001000-0x0000000000ffffff]
[    0.000000]   DMA32    [mem 0x0000000001000000-0x000000003ffeffff]
[    0.000000]   Normal   empty
[    0.000000]   Device   empty
[    0.000000] Movable zone start for each node
[    .0000] Earlymeory ode ranges
[    0.000000]   node   0: [mem 0x0000000000001000-0x000000000009efff]
[    0.000000]   node   0: [mem 0x0000000000100000-0x000000003ffeffff]
[    0.000000] Initmem setup node 0 [mem 0x0000000000001000-0x000000003ffeffff]
[    0.000000] ACPI: PM-Timer IO Port: 0x4008
[    0.000000] IOAPI[0]: apic_id 2, version 17, address 0xfec00000, GSI 0-23
[    0.000000] ACPI:INT_SRC_OVR (bus 0 bus_irq 0 global_irq 2 dfl dfl)
[    0.000000] ACPI: INT_SRC_OVR (bus 0 bus_irq 9 global_irq 9 high level)
[    0.000000] Using ACPI (MADT) for SMP configuration information
[    0.000000] smpboot: Allowing 2 CPUs, 0 hotplug CPUs
[    0.000000] PM: Registered nosave memory: [mem 0x00000000-0x00000fff]
[    0.000000] PM: Registered nosave memory: [mem 0x0009f000-0x0009ffff]
[    0.000000] PM: Regstered nosave memory: [mem 0x00a000-0x00eff]
[   0.000000] PM: Registered nosave memory: [mem 0x000f0000-0x000fffff]
[    0.000000] e820: [mem 0x40000000-0xfffbffff] available for PCI dvies
[    0.000000] Booting paravirtualized kernel on KVM
[    0.000000] clocksource: refined-jiffies: mask: 0xffffffff max_cycles: 0xffffffff, max_idle_ns: 7645519600211568 ns
[    0.000000] setup_percpu: NR_CPUS:256 nr_cpumask_bits:256 nr_cpu_ids:2 nr_node_ids:1
[    0.000000] PERCPU: Embedded 33 pages/cpu @ffff88003fc00000 s98008 r8192 d28968 u1048576
[    0.000000] PV qspinlock hash table entries: 256 (order: 0, 4096 bytes)
[    0.000000] Built 1 zonelists in Node order, mobility grouping on.  Total pages: 257913
[    0.000000] Policy zone: DMA32
[    0.000000] Kernel command line: BOOT_IMAGE=/boot/vmlinuz-4.4.0-22-generic root=LABEL=cloudimg-rootfs ro console=tty1 console=ttyS0
[    0.000000] PID hash table entries: 4096 (order: 3, 32768 bytes)
[    0.000000] Memory: 1005348K/1048120K available (8359K kernel code, 1278K rwdata, 3920K rodata, 1480K init, 1292K bss, 42772K reserved, 0K cma-reserved)
[    0.000000] SLUB: HWalign=64, Order=0-3, MinObjects=0, CPUs=2, Nodes=1
[    0.000000] Hierarchical RCU implementation.
[    0.000000] 	Build-time adjustment of leaf fanout to 64.
[    0.000000] 	RCU restricting CPUs from NR_CPUS=256 to nr_cpu_ids=2.
[    0.000000] RCU: Adjusting geometry for rcu_fanout_leaf=64, nr_cpu_ids=2
[    0.000000] NR_IRQS:16640 nr_irqs:440 16
[    0.000000] Console: colour VGA+ 80x25
[    0.000000] console [tty1] enabled
[    0.000000] console [ttyS0] enabled
[    0.000000] tsc: Detected 2394.454 MHz processor
[    0.907825] Calibrating delay loop (skipped) preset value.. 4788.90 BogoMIPS (lpj=9577816)
[    0.909595] pid_max: default: 32768 minimum: 301
[    0.910568] ACPI: Core revision 20150930
[   0.912367] ACPI: 2 ACPI AML tables successfully acquired and loaded
[    0.940610] Security Framework initialized
[    0.964306] Yama: becoming mindful.
[    0.972887] AppArmor: AppArmor initialized
[    0.973876] Dentry cache hash table entries: 131072 (order: 8, 1048576 bytes)
[    0.989073] Inode-cache hash table entries: 65536 (order: 7, 524288 bytes)
[    0.993579] Mount-cache hash table entries: 2048 (order: 2, 16384 bytes)
[    0.996891] Mountpoint-cache hash table entries: 2048 (order: 2, 16384 bytes)
[    0.998347] Initializing cgroup subsys io
[    0.999252] Initializing cgroup subsys memory
[    1.008391] Initializing cgroup subsys devices
[    1.009578] Initializing cgroup subsys freezer
[    1.010756] Initializing cgroup subsys net_cls
[    1.011783] Initializing cgroup subsys perf_event
[    1.012754] Initializing cgroup subsys net_prio
[    1.013689] Initializing cgroup subsys hugetlb
[    1.014623] Initializing cgroup subsys pids
[    1.015630] CPU: Physical Processor ID: 0
[    1.016492] CPU: Processor Core ID: 0
[    1.018257] mce: CPU supports 0 MCE banks
[    1.024602] Last level iTLB entries: 4KB 64, 2MB 8, 4MB 8
[    1.025715] Last level dTLB entries: 4KB 64, 2MB 0, 4MB 0, 1GB 4
[    1.030468] Freeing SMP alternatives memory: 28K (ffffffff820b3000 - ffffffff820ba000)
[    1.046026] ftrace: allocating 31906 entries in 125 pages
[    1.124105] smpboot: Max logical packages: 1
[    1.152175] smpboot: APIC(0) Converting physical 0 to logical package 0
[    1.181479] ..TIMER: vector=0x30 apic1=0 pin1=2 apic2=-1 pin2=-1
[    1.299910] smpboot: CPU0: Intel(R) Core(TM) i7-5500U CPU @ 2.40GHz (family: 0x6, model: 0x3d, stepping: 0x4)
[    1.305968] Performance Events: unsupported p6 CPU model 61 no PMU driver, software events only.
[    1.308030] KVM setup paravirtual spinlock
[    1.313033] x86: Booting SMP configuration:
[    1.317332] .... node  #0, CPUs:      #1
[    1.325223] kvm-clock: cpu 1, msr 0:3ffe7041, secondary cpu clock
[    1.330530] mce: CPU supports 0 MCE banks
[    1.343615] x86: Booted up 1 node, 2 CPUs
[    1.358863] smpboot: Total of 2 processors activated (9577.81 BogoMIPS)
[    1.398892] devtmpfs: initialized
[    1.411349] evm: security.selinux
[    1.439902] evm: security.SMACK64
[    1.448869] evm: security.SMACK64EXEC
[    1.449688] evm: security.SMACK64TRANSMUTE
[    1.455466] evm: security.SMACK64MMAP
[    1.456286] evm: security.ima
[    1.457013] evm: security.capability
[    1.458101] clocksource: jiffies: mask: 0xffffffff max_cycles: 0xffffffff, max_idle_ns: 7645041785100000 ns
[    1.515459] pinctrl core: initialized pinctrl subsystem
[    1.546946] RTC time: 22:01:33, date: 06/08/16
[    1.548961] NET: Registered protocol family 16
[    1.563020] cpuidle: using governor ladder
[    1.587470] cpuidle: using governor menu
[    1.590488] PCCT header not found.
[    1.596276] ACPI: bus type PCI registered
[    1.597287] acpiphp: ACPI Hot Plug PCI Controller Driver version: 0.5
[    1.600363] PCI: Using configuration type 1 for base access
[    1.635628] ACPI: Added _OSI(Module Device)
[    1.646092] ACPI: Added _OSI(Processor Device)
[    1.647646] ACPI: Added _OSI(3.0 _SCP Extensions)
[    1.649401] ACPI: Added _OSI(Processor Aggregator Device)
[    1.664224] ACPI: Executed 1 blocks of module-level executable AML code
[    1.674121] ACPI: Interpreter enabled
[    1.682502] ACPI Exception: AE_NOT_FOUND, While evaluating Sleep State [\_S1_] (20150930/hwxface-580)
[    1.692126] ACPI Exception: AE_NOT_FOUND, While evaluating Sleep State [\_S2_] (20150930/hwxface-580)
[    1.709532] ACPI Exception: AE_NOT_FOUND, While evaluating Sleep State [\_S3_] (20150930/hwxface-580)
[    1.740083] ACPI Exception: AE_NOT_FOUND, While evaluating Sleep State [\_S4_] (20150930/hwxface-580)
[    1.744510] ACPI: (supports S0 S5)
[    1.745408] ACPI: Using IOAPIC for interrupt routing
[    1.746487] PCI: Using host bridge windows from ACPI; if necessary, use "pci=nocrs" and report a bug
[    1.762443] ACPI: PCI Root Bridge [PCI0] (domain 0000 [bus 00-ff])
[    1.773554] acpi PNP0A03:00: _OSC: OS supports [ASPM ClockPM Segments MSI]
[    1.774869] acpi PNP0A03:00: _OSC failed (AE_NOT_FOUND); disabling ASPM
[    1.784238] acpi PNP0A03:00: fail to add MMCONFIG information, can't access extended PCI configuration space under this bridge.
[    1.794959] PCI host bridge to bus 0000:00
[    1.795922] pci_bus 0000:00: root bus resource [io  0x0000-0x0cf7 window]
[    1.805519] pci_bus 0000:00: root bus resource [io  0x0d00-0xffff window]
[    1.806790] pci_bus 0000:00: root bus resource [mem 0x000a0000-0x000bffff window]
[    1.810776] pci_bus 0000:00: root bus resource [mem 0x40000000-0xffdfffff window]
[    1.814096] pci_bus 0000:00: root bus resource [bus 00-ff]
[    1.818044] pci 0000:00:01.1: legacy IDE quirk: reg 0x10: [io  0x01f0-0x01f7]
[    1.819639] pci 0000:00:01.1: legacy IDE quirk: reg 0x14: [io  0x03f6]
[    1.840300] pci 0000:00:01.1: legacy IDE quirk: reg 0x18: [io  0x0170-0x0177]
[    1.875231] pci 0000:00:01.1: legacy IDE quirk: reg 0x1c: [io  0x0376]
[    1.919497] ACPI: PCI Interrupt Link [LNKA] (IRQs 5 9 10 11) *0, disabled.
[    1.939539] ACPI: PCI Interrupt Link [LNKB] (IRQs 5 9 10 *11)
[    1.965780] ACPI: PCI Interrupt Link [LNKC] (IRQs 5 9 *10 11)
[    1.974155] ACPI: PCI Interrupt Link [LNKD] (IRQs 5 *9 10 11)
[    1.975791] ACPI: Enabled 2 GPEs in block 00 to 07
[    1.984607] vgaarb: setting as boot device: PCI:0000:00:02.0
[    1.988984] vgaarb: device added: PCI:0000:00:02.0,decodes=io+mem,owns=io+mem,locks=none
[    1.991154] vgaarb: loaded
[    1.992006] vgaarb: bridge control possible 0000:00:02.0
[    2.013958] SCSI subsystem initialized
[    2.022159] ACPI: bus type USB registered
[    2.025979] usbcore: registered new interface driver usbfs
[    2.034499] usbcore: registered new interface driver hub
[    2.041493] usbcore: registered new device driver usb
[    2.042897] PCI: Using ACPI for IRQ routing
[    2.068255] NetLabel: Initializing
[    2.073388] NetLabel:  domain hash size = 128
[    2.081818] NetLabel:  protocols = UNLABELED CIPSOv4
[    2.082861] NetLabel:  unlabeled traffic allowed by default
[    2.084212] clocksource: Switched to clocksource kvm-clock
[  2.092422] AppArmor: AppArmor Filesystem Enabled
[    2.143232] pnp: PnP ACPI init
[   2.145395] pnp: PnP ACPI: found 3 devics

[   2.207183] cocsource: acpi_pm: mask: 0xffffff max_cycles: 0xffffff, max_idle_ns: 2085701024 ns
[    2.292110] NET: Registered protocol family 2

[    2.293543] TCP established hash table entries: 8192 (order: 4, 65536 bytes)
[   2.9559 TCP bind hash table entries: 8192 (order: 5, 131072 bytes)
[    2.395810] TCP: Hash tables configured (established 8192 bind 8192)
[    2.397136] UDP hash tbl etres:51 (rd: 2, 1684byes
    2.726578] UDP-Lite hash table entries: 512 (order: 2, 16384 bytes)
[   2.753915] N: Registered protocol family 1
[   2.842488] pci 0000:00:00.0: Limiting direct PCI/PCI transfers
[    2.878989] pci 0000:00:01.0: Activating ISA DMA hang workarounds
[   2.882368] Trying to unpack rootfs image as initramfs...
[    4.643712] Freeing initrd memory: 7296K (ffff8800371b0000 - ffff8800378d0000)
[    4.646951] RAPL PMU detected, API unit is 2^-32 Joules, 4 fixed counters 10737418240 ms ovfl timer
[    4.682214] hw unit of domain pp0-core 2^-0 Joules
[    4.688924] hw unit of domain package 2^-0 Joules
[    4.707217] hw unit of domain dram 2^-0 Joules
[    4.719752] hw unit of domain pp1-gpu 2^-0 Joules
[    4.756699] platform rtc_cmos: registered platform RTC device (no PNP device found)
[    4.764639] Scanning for low memory corruption ery 60 seconds

[    4.841782] futex hash table entries: 512 (order: 3, 32768 bytes)
[    4.855462] audit: initializing netlink subsys (disabled)
[    4.856928] audit: type=2000 audit(1465423299.808:1): initialized
[    4.876495] Initialise system trusted keyring
[    4.879978] HugeTLB registered 2 MB page size, pre-allocated 0 pages
[    4.903322] zbud: loaded
[    4.912419] VFS: Disk quotas dquot_6.6.0
[    4.916884] VFS: Dquot-cache hash table entries: 512 (order 0, 4096 bytes)
[    4.925550] fuse init (API version 7.23)
[    4.927204] Key type big_key registered
[    4.928391] Allocating IMA MOK and blacklist keyrings.
[    4.938229] Key type asymmetric registered
[    4.942162] Asymmetric key parser 'x509' registered
[    4.943749] Block layer SCSI generic (bsg) driver version 0.4 loaded (major 249)
[    4.956502] io scheduler noop registered
[    4.957825] io scheduler deadline registered (default)
[    4.970079] io scheduler cfq registered
[    4.972315] pci_hotplug: PCI Hot Plug PCI Core version: 0.5
[    4.974499] pciehp: PCI Express Hot Plug Controller Driver version: 0.4
[    4.984067] ACPI: AC Adapter [AC] (on-line)
[    4.986257] input: Power Button as /devices/LNXSYSTM:00/LNXPWRBN:00/input/input0
[    4.987920] ACPI: Power Button [PWRF]
[    4.988866] input: Sleep Button as /devices/LNXSYSTM:00/LNXSLPBN:00/input/input1
[    4.990494] ACPI: Sleep Button [SLPF]
[    4.992128] ACPI: Battery Slot [BAT0] (battery present)
[    5.001341] GHES: HEST is not enabled!
[    5.002742] Serial: 8250/16550 driver, 32 ports, IRQ sharing enabled
[    5.028482] 00:02: ttyS0 at I/O 0x3f8 (irq = 4, base_baud = 115200) is a 16550A
[    5.034425] Linux agpgart interface v0.103
[    5.040474] brd: module loaded
[    5.045113] loop: module loaded
[    5.048733] scsi host0: ata_piix
[    5.051212] scsi host1: ata_piix
[    5.053961] ata1: PATA max UDMA/33 cmd 0x1f0 ctl 0x3f6 bmdma 0xd000 irq 14
[    5.055541] ata2: PATA max UDMA/33 cmd 0x170 ctl 0x376 bmdma 0xd008 irq 15
[    5.057431] libphy: Fixed MDIO Bus: probed
[    5.062765] tun: Universal TUN/TAP device driver, 1.6
[    5.66988] tun: (C) 1999-2004 Max Krasnyansky <maxk@qualcomm.com>

[    5.101170] PPP generic driver version 2.4.2
[    5.120960] ehci_hcd: USB 2.0 'Enhanced' Host Controller (EHCI) Driver
[    5.136825] ehci-pci: EHCI PCI platform driver
[    5.140441] ehci-platform: EHCI generic platform driver
[    5.142268] ohci_hcd: USB 1.1 'Open' Host Controller (OHCI) Driver
[    5.144456] ohci-pci: OHCI PCI platform driver
[    5.145707] ohci-platform: OHCI generic platform driver
[    5.149447] uhci_hcd: USB Universal Host Controller Interface driver
[    5.151648] i8042: PNP: PS/2 Controller [PNP0303:PS2K,PNP0f03:PS2M] at 0x60,0x64 irq 1,12
[    5.155303] serio: i8042 KBD port at 0x60,0x64 irq 1
[    5.164141] serio: i8042 AUX port at 0x60,0x64 irq 12
[    5.166631] mousedev: PS/2 mouse device common for all mice
[    5.169400] input: AT Translated Set 2 keyboard as /devices/platform/i8042/serio0/input/input2
[    5.173065] rtc_cmos rtc_cmos: rtc core: registered rtc_cmos as rtc0
[    5.182006] rtc_cmos rtc_cmos: alarms up to one day, 114 bytes nvram
[    5.185434] i2c /dev entries driver
[    5.186996] device-mapper: uevent: version 1.0.3
[    5.202909] device-mapper: ioctl: 4.34.0-ioctl (2015-10-28) initialised: dm-devel@redhat.com
[    5.207433] ledtrig-cpu: registered to indicate activity on CPUs
[    5.210431] NET: Registered protocol family 10
[    5.213816] NET: Registered protocol family 17
[    5.219841] Key type dns_resolver registered
[    5.230171] microcode: CPU0 sig=0x306d4, pf=0x40, revision=0x0
[    5.234676] microcode: CPU1 sig=0x306d4, pf=0x40, revision=0x0
[    5.253333] microcode: Microcode Update Driver: v2.01 <tigran@aivazian.fsnet.co.uk>, Peter Oruba
[    5.266981] registered taskstats version 1
[    5.268499] Loading compiled-in X.509 certificates
[    5.273774] Loaded X.509 cert 'Build time autogenerated kernel key: 10281ca0c0463cd0680138fff55319c9bd7d63b8'
[    5.284838] zswap: loaded using pool lzo/zbud
[    5.300271] Key type trusted registered
[    5.310732] Key type encrypted registered
[    5.323598] AppArmor: AppArmor sha1 policy hashing enabled
[    5.345450] ima: No TPM chip found, activating TPM-bypass!
[    5.347474] evm: HMAC attrs: 0x1
[    5.351002]   Magic number: 4:895:46
[    5.353496] rtc_cmos rtc_cmos: setting system clock to 2016-06-08 22:01:37 UTC (1465423297)
[    5.356552] BIOS EDD facility v0.16 2004-Jun-25, 0 devices found
[    5.358664] EDD information not available.
[    5.363476] Freeing unused kernel memory: 1480K (ffffffff81f41000 - ffffffff820b3000)
[    5.380878] Write protecting the kernel read-only data: 14336k
[    5.387528] Freeing unused kernel memory: 1868K (ffff88000182d000 - ffff880001a00000)
[    5.398015] Freeing unused kernel memory: 176K (ffff880001dd4000 - ffff880001e00000)
Loading, please wait...
starting version[    5.418356] random: systemd-udevd urandom read with 3 bits of entropy available
 229
[    5.469679] e1000: Intel(R) PRO/1000 Network Driver - version 7.3.21-k8-NAPI
[    5.483489] e1000: Copyright (c) 1999-2006 Intel Corporation.
[    5.506532] Fusion MPT base driver 3.04.20
[    5.519567] Copyright (c) 1999-2008 LSI Corporation
[    5.585314] AVX version of gcm_enc/dec engaged.
[    5.590001] AES CTR mode by8 optimization enabled
[    5.612518] Fusion MPT SPI Host driver 3.04.20
[    5.756950] tsc: Refined TSC clocksource calibration: 2395.630 MHz
[    5.762956] clocksource: tsc: mask: 0xffffffffffffffff max_cycles: 0x2288176ca12, max_idle_ns: 440795250547 ns
[    5.793255] input: ImExPS/2 Generic Explorer Mouse as /devices/platform/i8042/serio1/input/input4
[    6.198090] e1000 0000:00:03.0 eth0: (PCI:33MHz:32-bit) 02:f9:5a:60:c5:89
[    6.204334] e1000 0000:00:03.0 eth0: Intel(R) PRO/1000 Network Connection
[    6.219726] e1000 0000:00:03.0 enp0s3: renamed from eth0
[    6.232571] mptbase: ioc0: Initiating bringup
[    6.593660] ioc0: LSI53C1030 A0: Capabilities={Initiator}
[    7.375270] scsi host2: ioc0: LSI53C1030 A0, FwRev=00000000h, Ports=1, MaxQ=256, IRQ=20
[    7.692227] scsi 2:0:0:0: Direct-Access     VBOX     HARDDISK         1.0  PQ: 0 ANSI: 5
[    7.827961] scsi target2:0:0: Beginning Domain Validation
[    7.834580] scsi target2:0:0: Domain Validation skipping write tests
[    7.848399] scsi target2:0:0: Ending Domain Validation
[    7.855642] scsi target2:0:0: asynchronous
[    7.859468] scsi 2:0:1:0: Direct-Access     VBOX     HARDDISK         1.0  PQ: 0 ANSI: 5
[    8.405867] scsi target2:0:1: Beginning Domain Validation
[    8.433077] scsi target2:0:1: Domain Validation skipping write tests
[    8.604262] scsi target2:0:1: Ending Domain Validation
[    8.604356] floppy0: no floppy controllers found
[    8.604423] work still pending
[    8.616817] scsi target2:0:1: asynchronous
[    8.633790] sd 2:0:0:0: Attached scsi generic sg0 type 0
[    8.657265] sd 2:0:1:0: Attached scsi generic sg1 type 0
[    8.657567] sd 2:0:0:0: [sda] 20971520 512-byte logical blocks: (10.7 GB/10.0 GiB)
[    8.668966] sd 2:0:1:0: [sdb] 20480 512-byte logical blocks: (10.5 MB/10.0 MiB)
[    8.681908] sd 2:0:1:0: [sdb] Write Protect is off
[    8.702279] sd 2:0:1:0: [sdb] Incomplete mode parameter data
[    8.704272] sd 2:0:1:0: [sdb] Assuming drive cache: write through
[    8.704606] sd 2:0:0:0: [sda] Write Protect is off
[    8.724512] sd 2:0:0:0: [sda] Incomplete mode parameter data
[    8.728071] sd 2:0:1:0: [sdb] Attached SCSI disk
[    8.743996] sd 2:0:0:0: [sda] Assuming drive cache: write through
[    8.758278]  sda: sda1
[    8.763105] sd 2:0:0:0: [sda] Attached SCSI disk
Begin: Loading essential drivers[   10.450701] md: linear personality registered for level -1
 ... [   10.469316] md: multipath personality registered for level -4
[   10.494895] md: raid0 personality registered for level 0
[   10.512385] md: raid1 personality registered for level 1
[   10.600469] raid6: sse2x1   gen()  2922 MB/s
[   10.672947] raid6: sse2x1   xor()  2509 MB/s
[   10.752533] raid6: sse2x2   gen()  4631 MB/s
[   10.824549] raid6: sse2x2   xor()  3285 MB/s
[   10.896615] raid6: sse2x4   gen()  5027 MB/s
[   10.964324] raid6: sse2x4   xor()  3075 MB/s
[   10.966194] raid6: using algorithm sse2x4 gen() 5027 MB/s
[   10.970036] raid6: .... xor() 3075 MB/s, rmw enabled
[   10.972059] raid6: using ssse3x2 recovery algorithm
[   10.981440] xor: automatically using best checksumming function:
[   11.029101]    avx       :  9086.000 MB/sec
[   11.038833] async_tx: api initialized (async)
[   11.100542] md: raid6 personality registered for level 6
[   11.106920] md: raid5 personality registered for level 5
[   11.129988] md: raid4 personality registered for level 4
[   11.150929] md: raid10 personality registered for level 10
done.
Begin: Running /scripts/init-premount ... done.
Begin: Mounting root file system ... Begin: Running /scripts/local-top ... done.
Begin: Running /scripts/local-premount ... [   11.227564] Btrfs loaded
Scanning for Btrfs filesystems
done.
Warning: fsck no[   11.307410] EXT4-fs (sda1): mounted filesystem with ordered data mode. Opts: (null)
t present, so skipping root file system
done.
Begin: Running /scripts/local-bottom ... done.
Begin: Running /scripts/init-bottom ... Warning: overlayroot: debug is busted
done.
[   11.470814] systemd[1]: systemd 229 running in system mode. (+PAM +AUDIT +SELINUX +IMA +APPARMOR +SMACK +SYSVINIT +UTMP +LIBCRYPTSETUP +GCRYPT +GNUTLS +ACL +XZ -LZ4 +SECCOMP +BLKID +ELFUTILS +KMOD -IDN)
[   11.490131] systemd[1]: Detected virtualization oracle.
[   11.494476] systemd[1]: Detected architecture x86-64.

Welcome to [1mUbuntu 16.04 LTS[0m!

[   11.502161] systemd[1]: Set hostname to <ubuntu>.
[   11.509772] systemd[1]: Initializing machine ID from random generator.
[   11.535575] systemd[1]: Installed transient /etc/machine-id file.
[  11.702830] systemd[1]: Created slice User and Sesion Slice.
[[0;32m  OK  [0m] Created slice User and Session Slice.
[   11.789338] stemd[1]: Listening on Syslog Socket.
[[0;32m  OK  [0m] Listening on Syslog Socket.
[   11.933774] systemd[1]: Listening on LVM2 poll daemon socket.
[[0;32m  OK  [0m] Listening on LVM2 poll daemon socket.
[   12.424001] systemd[1]: Listening on Journal Socket (/dev/log).
[[0;32m  OK  [0m] Listening on Journal Socket (/dev/log).
[   12.430879] systemd[1]: Listening on udev Kernel Socket.
[[0;32m  OK  [0m] Listening on udev Kernel Socket.
[   12.437567] systemd[1]: Listening on Device-mapper event daemon FIFOs.
[[0;32m  OK  [0m] Listening on Device-mapper event daemon FIFOs.
[   12.457932] systemd[1]: Started Forward Password Requests to Wall Directory Watch.
[[0;32m  OK  [0m] Started Forward Password Requests to Wall Directory Watch.
[   12.482788] systemd[1]: Listening on udev Control Socket.
[[0;32m  OK  [0m] Listening on udev Control Socket.
[   12.503463] systemd[1]: Reached target Swap.
[[0;32m  OK  [0m] Reached target Swap.
[   12.507340] systemd[1]: Reached target User and Group Name Lookups.
[[0;32m  OK  [0m] Reached target User and Group Name Lookups.
[   12.512725] systemd[1]: Set up automount Arbitrary Executable File Formats File System Automount Point.
[[0;32m  OK  [0m] Set up automount Arbitrary Executab...ats File System Automount Point.
[   12.536307] systemd[1]: Listening on /dev/initctl Compatibility Named Pipe.
[[0;32m  OK  [0m] Listening on /dev/initctl Compatibility Named Pipe.
[   12.542950] systemd[1]: Reached target Encrypted Volumes.
[[0;32m  OK  [0m] Reached target Encrypted Volumes.
[   12.547499] systemd[1]: Created slice System Slice.
[[0;32m  OK  [0m] Created slice System Slice.
[   12.573867] systemd[1]: Created slice system-serial\x2dgetty.slice.
[[0;32m  OK  [0m] Created slice system-serial\x2dgetty.slice.
[   12.588446] systemd[1]: Created slice system-getty.slice.
[[0;32m  OK  [0m] Created slice system-getty.slice.
[   12.594537] systemd[1]: Reached target Slices.
[[0;32m  OK  [0m] Reached target Slices.
[   12.603338] systemd[1]: Listening on Journal Audit Socket.
[[0;32m  OK  [0m] Listening on Journal Audit Socket.
[   12.619264] systemd[1]: Listening on Journal Socket.
[[0;32m  OK  [0m] Listening on Journal Socket.
[   12.636506] systemd[1]: Starting Journal Service...
         Starting Journal Service...
[   12.660333] systemd[1]: Mounting Debug File System...
         Mounting Debug File System...
[   12.676587] systemd[1]: Starting Uncomplicated firewall...
         Starting Uncomplicated firewall...
[   12.715491] systemd[1]: Starting Create list of required static device nodes for the current kernel...
         Starting Create list of required st... nodes for the current kernel...
[   12.779104] systemd[1]: Mounting POSIX Message Queue File System...
         Mounting POSIX Message Queue File System...
[   12.793624] systemd[1]: Starting Load Kernel Modules...
         Starting Load Kernel Modules...
[   12.807386] Loading iSCSI transport class v2.0-870.
[   12.826735] systemd[1]: Mounting Huge Pages File System...
         Mounting Huge Pages File System...
[   12.842859] systemd[1]: Starting Nameserver information manager...
         Starting Nameser[   12.857897] iscsi: registered transport (tcp)
ver information manager...
[   12.892785] systemd[1]: Starting Remount Root and Kernel File Systems...
         Starting Remount[   12.903133] EXT4-fs (sda1): re-mounted. Opts: (null)
 Root and Kernel File Systems...[   12.940289] random: nonblocking pool is initialized

[   12.972764] systemd[1]: Listening on LVM2 metadata daemon socket.
[[0;32m  OK  [0m] Listening on LVM2 metadata daemon socket.
[   13.003664] iscsi: registered transport (iser)
[   13.020686] systemd[1]: Starting Monitoring of LVM2 mirrors, snapshots etc. using dmeventd or progress polling...
         Starting Monitoring of LVM2 mirrors... dmeventd or progress polling...
[   13.038929] systemd[1]: Mounted POSIX Message Queue File System.
[[0;32m  OK  [0m] Mounted POSIX Message Queue File System.
[   13.065074] systemd[1]: Mounted Debug File System.
[[0;32m  OK  [0m] Mounted Debug File System.
[   13.069999] systemd[1]: Mounted Huge Pages File System.
[[0;32m  OK  [0m] Mounted Huge Pages File System.
[   13.078732] systemd[1]: Started Journal Service.
[[0;32m  OK  [0m] Started Journal Service.
[[0;32m  OK  [0m] Started Uncomplicated firewall.
[[0;32m  OK  [0m] Started Create list of required sta...ce nodes for the current kernel.
[[0;32m  OK  [0m] Started Load Kernel Modules.
[[0;32m  OK  [0m] Started Remount Root and Kernel File Systems.
[[0;32m  OK  [0m] Started Nameserver information manager.
[[0;32m  OK  [0m] Started LVM2 metadata daemon.
         Starting Load/Save Random Seed...
         Starting udev Coldplug all Devices...
         Starting Apply Kernel Variables...
         Mounting FUSE Control File System...
         Starting Create Static Device Nodes in /dev...
         Starting Flush Journal to Persistent Storage...
[[0;32m  OK  [0m] Mounted FUSE Control File System.
[[0;32m  OK  [0m] Started Load/Save Random Seed.
[[0;32m  OK  [0m] Started Apply Kernel Variables.
[[0;32m  OK  [0m] Started Create Static Device Nodes in /dev.
[[0;32m  OK  [0m] Started udev Coldplug all Devices.
[[0;32m  OK  [0m] Started Flush Journal to Persistent Storage.
         Starting udev Kernel Device Manager...
[[0;32m  OK  [0m] Started Monitoring of LVM2 mirrors,...ng dmeventd or progress polling.
[[0;32m  OK  [0m] Started udev Kernel Device Manager.
[[0;32m  OK  [0m] Reached target Local File Systems (Pre).
[[0;32m  OK  [0m] Reached target Local File Systems.
         Starting Set console keymap...
         Starting Create Volatile Files and Directories...
         Starting Tell Plymouth To Write Out Runtime Data...
         Starting Commit a transient machine-id on disk...
         Starting LSB: AppArmor initialization...
         Starting Initial cloud-init job (pre-networking)...
[[0;32m  OK  [0m] Started Dispatch Password Requests to Console Directory Watch.
[[0;32m  OK  [0m] Started Set console keymap.
[[0;32m  OK  [0m] Started Create Volatile Files and Directories.
[[0;32m  OK  [0m] Started Tell Plymouth To Write Out Runtime Data.
[[0;32m  OK  [0m] Started Commit a transient machine-id on disk.
[[0;32m  OK  [0m] Found device /dev/ttyS0.
         Starting Network Time Synchronization...
         Starting Update UTMP about System Boot/Shutdown...
[[0;32m  OK  [0m] Started Network Time Synchronization.
[[0;32m  OK  [0m] Reached target System Time Synchronized.
[[0;32m  OK  [0m] Started Update UTMP about System Boot/Shutdown.
[[0;32m  OK  [0m] Listening on Load/Save RF Kill Switch Status /dev/rfkill Watch.
[[0;32m  OK  [0m] Started LSB: AppArmor initialization.
[[0;32m  OK  [0m] Reached target System Initialization.
[[0;32m  OK  [0m] Started Daily apt activities.
[[0;32m  OK  [0m] Listening on ACPID Listen Socket.
[[0;32m  OK  [0m] Started Trigger resolvconf update for networkd DNS.
         Starting Socket activation for snappy daemon.
[[0;32m  OK  [0m] Started ACPI Events Check.
[[0;32m  OK  [0m] Reached target Paths.
         Starting LXD - unix socket.
[[0;32m  OK  [0m] Started Daily Cleanup of Temporary Directories.
[[0;32m  OK  [0m] Reached target Timers.
[[0;32m  OK  [0m] Listening on D-Bus System Message Bus Socket.
[[0;32m  OK  [0m] Listening on UUID daemon activation socket.
[[0;32m  OK  [0m] Listening on Socket activation for snappy daemon.
[[0;32m  OK  [0m] Listening on LXD - unix socket.
[[0;32m  OK  [0m] Reached target Sockets.
[[0;32m  OK  [0m] Reached target Basic System.
[[0;32m  OK  [0m] Started FUSE filesystem for LXC.
         Starting LSB: MD monitoring daemon...
         Starting LXD - container startup/shutdown...
[[0;32m  OK  [0m] Started ACPI event daemon.
[[0;32m  OK  [0m] Started Deferred execution scheduler.
         Starting System Logging Service...
         Starting Accounts Service...
         Starting Login Service...
[[0;32m  OK  [0m] Started Regular background program processing daemon.
[[0;32m  OK  [0m] Started D-Bus System Message Bus.
         Starting LSB: Record successful boot for GRUB...
[   15.040097] cloud-init[519]: Cloud-init v. 0.7.7 running 'init-local' at Wed, 08 Jun 2016 22:01:47 +0000. Up 14.19 seconds.
[[0;32m  OK  [0m] Started System Logging Service.
[[0;32m  OK  [0m] Started LSB: MD monitoring daemon.
[[0;32m  OK  [0m] Started LXD - container startup/shutdown.
[[0;32m  OK  [0m] Started Initial cloud-init job (pre-networking).
[[0;32m  OK  [0m] Started Login Service.
         Starting Authenticate and Authorize Users to Run Privileged Tasks...
[[0;32m  OK  [0m] Reached target Network (Pre).
         Starting Raise network interfaces...
[[0;32m  OK  [0m] Started LSB: Record successful boot for GRUB.
[[0;32m  OK  [0m] Started Authenticate and Authorize Users to Run Privileged Tasks.
[[0;32m  OK  [0m] Started Accounts Service.
[[0;32m  OK  [0m] Started ifup for enp0s3.
[[0;32m  OK  [0m] Found device 82540EM Gigabit Ethern...r (PRO/1000 MT Desktop Adapter).
[[0;32m  OK  [0m] Started Raise network interfaces.
         Starting Initial cloud-init job (metadata service crawler)...
[[0;32m  OK  [0m] Reached target Network.
[   18.359974] cloud-init[982]: Cloud-init v. 0.7.7 running 'init' at Wed, 08 Jun 2016 22:01:50 +0000. Up 16.76 seconds.
[   18.397533] cloud-init[982]: ci-info: +++++++++++++++++++++++++++++++++++++Net device info++++++++++++++++++++++++++++++++++++++
[   18.408280] cloud-init[982]: ci-info: +--------+------+----------------------------+---------------+-------+-------------------+
[   18.421420] cloud-init[982]: ci-info: | Device |  Up  |          Address           |      Mask     | Scope |     Hw-Address    |
[   18.435390] cloud-init[982]: ci-info: +--------+------+----------------------------+---------------+-------+-------------------+
[   18.484911] cloud-init[982]: ci-info: |   lo   | True |         127.0.0.1          |   255.0.0.0   |   .   |         .         |
[   18.525768] cloud-init[982]: ci-info: |   lo   | True |          ::1/128           |       .       |  host |         .         |
[   18.526070] cloud-init[982]: ci-info: | enp0s3 | True |         10.0.2.15          | 255.255.255.0 |   .   | 02:f9:5a:60:c5:89 |
[   18.526359] cloud-init[982]: ci-info: | enp0s3 | True | fe80::f9:5aff:fe60:c589/64 |       .       |  link | 02:f9:5a:60:c5:89 |
[   18.526493] cloud-init[982]: ci-info: +--------+------+----------------------------+---------------+-------+-------------------+
[   18.526607] cloud-init[982]: ci-info: +++++++++++++++++++++++++++Route IPv4 info++++++++++++++++++++++++++++
[   18.526727] cloud-init[982]: ci-info: +-------+-------------+----------+---------------+-----------+-------+
[   18.526835] cloud-init[982]: ci-info: | Route | Destination | Gateway  |    Genmask    | Interface | Flags |
[   18.526940] cloud-init[982]: ci-info: +-------+-------------+----------+---------------+-----------+-------+
[   18.527051] cloud-init[982]: ci-info: |   0   |   0.0.0.0   | 10.0.2.2 |    0.0.0.0    |   enp0s3  |   UG  |
[   18.527157] cloud-init[982]: ci-info: |   1   |   10.0.2.0  | 0.0.0.0  | 255.255.255.0 |   enp0s3  |   U   |
[   18.527331] cloud-init[982]: ci-info: +-------+-------------+----------+---------------+-----------+-------+
[   18.527520] cloud-init[982]: Generating public/private rsa key pair.
[   18.527695] cloud-init[982]: Your identification has been saved in /etc/ssh/ssh_host_rsa_key.
[   18.527873] cloud-init[982]: Your public key has been saved in /etc/ssh/ssh_host_rsa_key.pub.
[   18.528068] cloud-init[982]: The key fingerprint is:
[   18.528390] cloud-init[982]: SHA256:n8WFJLxgs3WlBvRBXCwt8bZQ3YJzwTTIu2FmrlwHYhQ root@ubuntu-xenial
[   18.528627] cloud-init[982]: The key's randomart image is:
[   18.528836] cloud-init[982]: +---[RSA 2048]----+
[   18.529040] cloud-init[982]: |         oE==@Bo.|
[   18.529318] cloud-init[982]: |        + +=X**.o|
[   18.529537] cloud-init[982]: |       . * o**+. |
[   18.529767] cloud-init[982]: |        . +oB+ . |
[   18.529992] cloud-init[982]: |        S. *o+.  |
[   18.530235] cloud-init[982]: |         . o+ .  |
[   18.530401] cloud-init[982]: |         .oo .   |
[   18.530511] cloud-init[982]: |          o      |
[   18.530666] cloud-init[982]: |                 |
[[0;32m  OK  [0m] Started Initial cloud-init job (metadata service crawler).
[   18.531626] cloud-init[982]: +----[SHA256]-----+
[   19.904912] cloud-init[982]: Generating public/private dsa key pair.
[[0;32m  OK  [0m] Reached target Cloud-config availability.
[   19.950541] cloud-init[982]: Your identification has been saved in /etc/ssh/ssh_host_dsa_key.
[[0;32m  OK  [0m] Reached target Network is Online.
[   19.961876] cloud-init[982]: Your public key has been saved in /etc/ssh/ssh_host_dsa_key.pub.
[   20.016798] cloud-init[982]: The key fingerprint is:
         Starting iSCSI initiator daemon (iscsid)...
[   20.017749] cloud-init[982]: SHA256:HydiU5qz6j2aiE4trA63Apfp5CIo3l7lBf+AVkvpyPk root@ubuntu-xenial
[   20.056483]          cloud-initStarting Apply the settings specified in cloud-config...[982]: 
The key's randomart image is:
[   20.062950] cloud-init[982]: +---[DSA 1024]----+
[   20.071783] cloud-init[982]: |                 |
         Starting /etc/rc.local Compatibility...
[   20.115104] cloud-init[982]: |          .      |
[   20.130445] cloud-init[982]: |       . +.      |
[   20.162079] cloud-init[982]: |      . X+.      |
[   20.165014]          cloud-initStarting Seed the pseudo random number generator on first boot...[982]: 
|   o   BS*o .    |
[   20.172713] cloud-init[982]: |..=.  +.o*o+     |
[   20.200812] [cloud-init[0;32m  OK  [0m[982]: ] |+== .. ..E..     |Started /etc/rc.local Compatibility.

[   20.201869] [cloud-init[0;32m  OK  [0m[982]: ] |B+++.. +.        |Started iSCSI initiator daemon (iscsid).

[   20.214371] cloud-init[982]: |**=o..=...       |
[   20.247404] cloud-init[982]: +----[SHA256]-----+
[   20.289555] cloud-init[982]: Generating public/private ecdsa key pair.
[   20.308911]          cloud-initStarting Login to default iSCSI targets...[982]: 
Your identification has been saved in /etc/ssh/ssh_host_ecdsa_key.
[   20.360535] [cloud-init[0;32m  OK  [0m[982]: ] Your public key has been saved in /etc/ssh/ssh_host_ecdsa_key.pub.Started Login to default iSCSI targets.

[   20.361149] cloud-init[982]: The key fingerprint is:
[   20.397524] cloud-init[982]: SHA256:HUJjjVh25S5u0rR5+Vm59k1Ft7aEp3ESPc7fhtViJ7g root@ubuntu-xenial
[[   20.399358] [0;32m  OK  [0mcloud-init] [982]: Reached target Remote File Systems (Pre).The key's randomart image is:

[   20.399444] [cloud-init[0;32m  OK  [0m[982]: ] +---[ECDSA 256]---+Reached target Remote File Systems.
[   20.427197] cloud-init[982]: |       o*o...    |

[   20.427375] cloud-init[982]: |      .+.o..  .  |
         Starting LSB: Set the CPU Frequency Scaling governor to "ondemand"...
[   20.542037] cloud-init[982]: |        . . .. oo|
[   20.577858] cloud-init[982]: |         o o .=.=|
[   20.590246] cloud-init[982]: |        S + o++O=|
[   20.622172]          cloud-initStarting Permit User Sessions...[982]: 
|         + + +O**|
[   20.652890] cloud-init[982]: |        . * E..o*|
         Starting LSB: daemon to balance interrupts for SMP systems...
[   20.653526] cloud-init[982]: |         o . . *o|
[   20.672312]          cloud-initStarting LSB: automatic crash report generation...[982]: 
|              +.+|
[[0;32m  OK  [0m] Started Permit User Sessions.
[   20.676772] cloud-init[982]: +----[SHA256]-----+
[   20.693210] cloud-init[982]: Generating public/private ed25519 key pair.
[   20.696118] cloud-init[982]: Your identification has been saved in /etc/ssh/ssh_host_ed25519_key.
[   20.728565] [cloud-init[0;32m  OK  [0m[982]: ] Your public key has been saved in /etc/ssh/ssh_host_ed25519_key.pub.Started LSB: Set the CPU Frequency Scaling governor to "ondemand".

[   20.745259] cloud-init[982]: The key fingerprint is:
         Starting Terminate Plymouth Boot Screen...
[   20.765110] cloud-init[982]: SHA256:H3oZB4TpBwhhAzzeiXP52iXEhufooWX5XsVPcbxaS7E root@ubuntu-xenial
[   20.772761]          cloud-initStarting Hold until boot process finishes up...[982]: 
The key's randomart image is:
[   20.779348] [cloud-init[0;32m  OK  [0m[982]: ] +--[ED25519 256]--+Started LSB: daemon to balance interrupts for SMP systems.

[[   20.779883] [0;32m  OK  [0mcloud-init] [982]: Started LSB: automatic crash report generation.| ...=o . o.      |

[   20.797778] cloud-init[982]: |  o. .. +.   .   |
[   20.803804] cloud-init[982]: | . + = . .. . +  |
[   20.810271] [cloud-init[0;32m  OK  [0m[982]: ] |  + * = .... o + |Started Terminate Plymouth Boot Screen.

[   20.810776] cloud-init[982]: |   o O  S.= o E  |
[[0;32m  OK  [0m] Started Hold until boot process finishes up.[   20.840869] cloud-init[982]: |    * + .+ B + . |
[   20.843145] cloud-init[982]: 
|   = = oo + o .  |
[   20.857963] cloud-init[982]: |  . o o. .       |
[   20.877029] cloud-init[982]: |     ..          |
[   20.888345] cloud-init[982]: +----[SHA256]-----+
[[0;32m  OK  [0m] Started Getty on tty1.
[[0;32m  OK  [0m] Started Serial Getty on ttyS0.
[[0;32m  OK  [0m] Reached target Login Prompts.
[   21.425100] cloud-init[1076]: Generating locales (this might take a while)...
[[0;32m  OK  [0m] Started Seed the pseudo random number generator on first boot.
         Starting OpenBSD Secure Shell server...
[[0;32m  OK  [0m] Started OpenBSD Secure Shell server.
[   23.161474] cloud-init[1076]:   en_US.UTF-8... done
[   23.165177] cloud-init[1076]: Generation complete.
         Stopping OpenBSD Secure Shell server...
[[0;32m  OK  [0m] Stopped OpenBSD Secure Shell server.
         Starting OpenBSD Secure Shell server...
[[0;32m  OK  [0m] Started OpenBSD Secure Shell server.
[[0;32m  OK  [0m] Created slice User Slice of ubuntu.
         Starting User Manager for UID 1000...
[[0;32m  OK  [0m] Started Session 1 of user ubuntu.
[[0;32m  OK  [0m] Started User Manager for UID 1000.
[   24.076198] cloud-init[1076]: Cloud-init v. 0.7.7 running 'modules:config' at Wed, 08 Jun 2016 22:01:54 +0000. Up 21.09 seconds.
[[0;32m  OK  [0m] Started Apply the settings specified in cloud-config.
         Starting Execute cloud user/final scripts...
ci-info: no authorized ssh keys fingerprints found for user ubuntu.
<14>Jun  8 22:01:58 ec2: 
<14>Jun  8 22:01:58 ec2: #############################################################
<14>Jun  8 22:01:58 ec2: -----BEGIN SSH HOST KEY FINGERPRINTS-----
<14>Jun  8 22:01:58 ec2: 1024 SHA256:HydiU5qz6j2aiE4trA63Apfp5CIo3l7lBf+AVkvpyPk root@ubuntu-xenial (DSA)
<14>Jun  8 22:01:58 ec2: 256 SHA256:HUJjjVh25S5u0rR5+Vm59k1Ft7aEp3ESPc7fhtViJ7g root@ubuntu-xenial (ECDSA)
<14>Jun  8 22:01:58 ec2: 256 SHA256:H3oZB4TpBwhhAzzeiXP52iXEhufooWX5XsVPcbxaS7E root@ubuntu-xenial (ED25519)
<14>Jun  8 22:01:58 ec2: 2048 SHA256:n8WFJLxgs3WlBvRBXCwt8bZQ3YJzwTTIu2FmrlwHYhQ root@ubuntu-xenial (RSA)
<14>Jun  8 22:01:58 ec2: -----END SSH HOST KEY FINGERPRINTS-----
<14>Jun  8 22:01:58 ec2: #############################################################
-----BEGIN SSH HOST KEY KEYS-----
ecdsa-sha2-nistp256 AAAAE2VjZHNhLXNoYTItbmlzdHAyNTYAAAAIbmlzdHAyNTYAAABBBEMxKXufGXRrrBWzXW4jrVitvnyJdCK5ooZJejbtRMMJ+/QFC1DrFkCHPEdbYmGjTAsTshkEDNJQb6RsVXWw4SM= root@ubuntu-xenial
ssh-ed25519 AAAAC3NzaC1lZDI1NTE5AAAAIKUxLrSAt/QmQDxeyfRLQmQaslJXOUCWVthtJM6BD960 root@ubuntu-xenial
ssh-rsa AAAAB3NzaC1yc2EAAAADAQABAAABAQC+X4cl4MDlVRQf7M1zSOnjOrTY6xp6OaFyXz4v64ABtNvMrlqxtZ6mZaaDscgQmwdfBgdY7D4vMFj45kAuijX+npvOnLgayjQdC5YzijVSLND0i3mB9E4D6wOCZyAWRhgOpsiRwyTuyQC+CwdDme49/xZ3Zr8y6Tjf43/ioFWsZNB7cBFMs9YFcPnFW7YaR/owTuFAx5lEH7LLxc/bMYvtotJmXBg5ZP5dS0Tp3bjlJG3GuRpvfBp5NAOm8lahyPq+T3bTuTYNwaxvEnwlh9+KBkyGf9Af9h4IdUkLO2pE2RHAFrTupGHr5zTz/qcmBzcquw/SlYbDCfZdpO+XDsa/ root@ubuntu-xenial
-----END SSH HOST KEY KEYS-----
[   25.758431] cloud-init[1299]: Cloud-init v. 0.7.7 running 'modules:final' at Wed, 08 Jun 2016 22:01:58 +0000. Up 24.93 seconds.
[   25.788587] cloud-init[1299]: ci-info: no authorized ssh keys fingerprints found for user ubuntu.
[   25.797432] cloud-init[1299]: Cloud-init v. 0.7.7 finished at Wed, 08 Jun 2016 22:01:59 +0000. Datasource DataSourceNoCloudNet [seed=/dev/sdb][dsmode=net].  Up 25.74 seconds
[[0;32m  OK  [0m] Started Execute cloud user/final scripts.

Ubuntu 16.04 LTS ubuntu-xenial ttyS0

ubuntu-xenial login: 